<?xml version="1.0" encoding="UTF-8"?>
<testng-results ignored="0" total="1" passed="1" failed="0" skipped="0">
  <reporter-output>
  </reporter-output>
  <suite started-at="2022-12-27T16:54:40 IST" name="Amazon Test Suite" finished-at="2022-12-27T16:55:33 IST" duration-ms="53044">
    <groups>
    </groups>
    <test started-at="2022-12-27T16:54:40 IST" name="Amazon Test" finished-at="2022-12-27T16:55:33 IST" duration-ms="53044">
      <class name="com.qa.tests.TestClass">
        <test-method is-config="true" signature="setup()[pri:0, instance:com.qa.tests.TestClass@564fabc8]" started-at="2022-12-27T16:54:40 IST" name="setup" finished-at="2022-12-27T16:54:48 IST" duration-ms="8057" status="PASS">
          <reporter-output>
          </reporter-output>
        </test-method> <!-- setup -->
        <test-method signature="HomePageTest()[pri:0, instance:com.qa.tests.TestClass@564fabc8]" started-at="2022-12-27T16:54:48 IST" name="HomePageTest" finished-at="2022-12-27T16:55:32 IST" duration-ms="43949" status="PASS">
          <reporter-output>
          </reporter-output>
        </test-method> <!-- HomePageTest -->
        <test-method is-config="true" signature="tearDown()[pri:0, instance:com.qa.tests.TestClass@564fabc8]" started-at="2022-12-27T16:55:32 IST" name="tearDown" finished-at="2022-12-27T16:55:33 IST" duration-ms="843" status="PASS">
          <reporter-output>
          </reporter-output>
        </test-method> <!-- tearDown -->
      </class> <!-- com.qa.tests.TestClass -->
    </test> <!-- Amazon Test -->
  </suite> <!-- Amazon Test Suite -->
</testng-results>
